<?xml version="1.0" encoding="UTF-8" ?>
<testsuite tests="1" failures="0" name="org.example.maven.HelloTest" time="0.018" errors="0" skipped="0">
  <properties>
    <property name="idea.version" value="2020.3"/>
    <property name="java.runtime.name" value="OpenJDK Runtime Environment"/>
    <property name="java.vm.version" value="11.0.8+10-b1098.1"/>
    <property name="sun.boot.library.path" value="C:\Users\18233\AppData\Local\JetBrains\Toolbox\apps\IDEA-U\ch-0\203.4203.26\jbr\bin"/>
    <property name="maven.multiModuleProjectDirectory" value="C:\Users\18233\IdeaProjects\maven_workspace\Hello"/>
    <property name="java.vm.vendor" value="JetBrains s.r.o."/>
    <property name="java.vendor.url" value="https://openjdk.java.net/"/>
    <property name="guice.disable.misplaced.annotation.check" value="true"/>
    <property name="path.separator" value=";"/>
    <property name="java.vm.name" value="OpenJDK 64-Bit Server VM"/>
    <property name="sun.os.patch.level" value=""/>
    <property name="user.script" value=""/>
    <property name="user.country" value="CN"/>
    <property name="sun.java.launcher" value="SUN_STANDARD"/>
    <property name="java.vm.specification.name" value="Java Virtual Machine Specification"/>
    <property name="user.dir" value="C:\Users\18233\IdeaProjects\maven_workspace\Hello"/>
    <property name="java.vm.compressedOopsMode" value="Zero based"/>
    <property name="java.runtime.version" value="11.0.8+10-b1098.1"/>
    <property name="java.awt.graphicsenv" value="sun.awt.Win32GraphicsEnvironment"/>
    <property name="os.arch" value="amd64"/>
    <property name="java.io.tmpdir" value="C:\Users\18233\AppData\Local\Temp\"/>
    <property name="line.separator" value="
"/>
    <property name="java.vm.specification.vendor" value="Oracle Corporation"/>
    <property name="user.variant" value=""/>
    <property name="os.name" value="Windows 10"/>
    <property name="maven.ext.class.path" value="C:\Users\18233\AppData\Local\JetBrains\Toolbox\apps\IDEA-U\ch-0\203.4203.26\plugins\maven\lib\maven-event-listener.jar"/>
    <property name="classworlds.conf" value="C:\Users\18233\AppData\Local\JetBrains\Toolbox\apps\IDEA-U\ch-0\202.7319.50\plugins\maven\lib\maven3\bin\m2.conf"/>
    <property name="sun.jnu.encoding" value="GBK"/>
    <property name="java.library.path" value="C:\Users\18233\AppData\Local\JetBrains\Toolbox\apps\IDEA-U\ch-0\203.4203.26\jbr\bin;C:\WINDOWS\Sun\Java\bin;C:\WINDOWS\system32;C:\WINDOWS;C:\Program Files (x86)\Intel\iCLS Client\;C:\Program Files\Intel\iCLS Client\;C:\WINDOWS\system32;C:\WINDOWS;C:\WINDOWS\System32\Wbem;C:\WINDOWS\System32\WindowsPowerShell\v1.0\;C:\WINDOWS\System32\OpenSSH\;C:\Users\18233\Anaconda3;C:\Users\18233\Anaconda3\Scripts;E:\Programs\mysql-8.0.18-winx64\bin;C:\Program Files\nodejs\;C:\ProgramData\chocolatey\bin;C:\Program Files\Git\cmd;C:\Program Files (x86)\Intel\Intel(R) Management Engine Components\DAL;C:\Program Files\Intel\Intel(R) Management Engine Components\DAL;C:\Program Files (x86)\Intel\Intel(R) Management Engine Components\IPT;C:\Program Files\Intel\Intel(R) Management Engine Components\IPT;C:\Program Files (x86)\NVIDIA Corporation\PhysX\Common;C:\Program Files\NVIDIA Corporation\NVIDIA NvDLISR;C:\Users\18233\Downloads\Compressed\vlfeat-0.9.21-bin\vlfeat-0.9.21\bin\win64;C:\Program Files\MATLAB\R2019b\bin;C:\mingw64\bin;E:\BaiduNetdiskDownload\jdk-11.0.7\bin;E:\opencc-1.0.1-win64;E:\ffpmeg\bin;E:\apache-maven-3.6.3\bin;E:\apache-tomcat-9.0.38\lib;E:\apache-tomcat-9.0.38\bin;C:\Users\18233\scoop\shims;C:\Users\18233\AppData\Local\Microsoft\WindowsApps;;C:\Users\18233\AppData\Local\Programs\Microsoft VS Code\bin;C:\Program Files\Bandizip\;C:\Users\18233\AppData\Roaming\npm;."/>
    <property name="maven.conf" value="C:\Users\18233\AppData\Local\JetBrains\Toolbox\apps\IDEA-U\ch-0\202.7319.50\plugins\maven\lib\maven3/conf"/>
    <property name="jdk.debug" value="release"/>
    <property name="java.class.version" value="55.0"/>
    <property name="java.specification.name" value="Java Platform API Specification"/>
    <property name="sun.management.compiler" value="HotSpot 64-Bit Tiered Compilers"/>
    <property name="maven.repo.local" value="F:\MyJavaRepository"/>
    <property name="os.version" value="10.0"/>
    <property name="user.home" value="C:\Users\18233"/>
    <property name="user.timezone" value="Asia/Shanghai"/>
    <property name="java.awt.printerjob" value="sun.awt.windows.WPrinterJob"/>
    <property name="file.encoding" value="UTF-8"/>
    <property name="java.specification.version" value="11"/>
    <property name="user.name" value="18233"/>
    <property name="java.class.path" value="C:\Users\18233\AppData\Local\JetBrains\Toolbox\apps\IDEA-U\ch-0\202.7319.50\plugins\maven\lib\maven3\boot\plexus-classworlds-2.6.0.jar;C:\Users\18233\AppData\Local\JetBrains\Toolbox\apps\IDEA-U\ch-0\202.7319.50\plugins\maven\lib\maven3\boot\plexus-classworlds.license"/>
    <property name="java.vm.specification.version" value="11"/>
    <property name="sun.arch.data.model" value="64"/>
    <property name="sun.java.command" value="org.codehaus.classworlds.Launcher -Didea.version=2020.3 -s C:\Users\18233\.m2\settings.xml -Dmaven.repo.local=F:\MyJavaRepository test"/>
    <property name="java.home" value="C:\Users\18233\AppData\Local\JetBrains\Toolbox\apps\IDEA-U\ch-0\203.4203.26\jbr"/>
    <property name="user.language" value="zh"/>
    <property name="java.specification.vendor" value="Oracle Corporation"/>
    <property name="awt.toolkit" value="sun.awt.windows.WToolkit"/>
    <property name="java.vm.info" value="mixed mode"/>
    <property name="java.version" value="11.0.8"/>
    <property name="java.vendor" value="JetBrains s.r.o."/>
    <property name="maven.home" value="C:\Users\18233\AppData\Local\JetBrains\Toolbox\apps\IDEA-U\ch-0\202.7319.50\plugins\maven\lib\maven3"/>
    <property name="file.separator" value="\"/>
    <property name="java.version.date" value="2020-07-14"/>
    <property name="java.vendor.url.bug" value="https://bugreport.java.com/bugreport/"/>
    <property name="sun.io.unicode.encoding" value="UnicodeLittle"/>
    <property name="sun.cpu.endian" value="little"/>
    <property name="java.vendor.version" value="JBR-11.0.8.10-1098.1-jcef"/>
    <property name="sun.desktop" value="windows"/>
    <property name="sun.cpu.isalist" value="amd64"/>
  </properties>
  <testcase classname="org.example.maven.HelloTest" name="TestHello" time="0.018"/>
</testsuite>